# JRE version: OpenJDK Runtime Environment Temurin-17.0.1+12 (17.0.1+12) (build 17.0.1+12)
# Java VM: OpenJDK 64-Bit Server VM Temurin-17.0.1+12 (17.0.1+12, mixed mode, tiered, compressed oops, compressed class ptrs, g1 gc, bsd-amd64)
Heap:
 garbage-first heap   total 92160K, used 64638K [0x0000000780000000, 0x0000000800000000)
  region size 1024K, 9 young (9216K), 1 survivors (1024K)
 Metaspace       used 29750K, committed 30016K, reserved 1081344K
  class space    used 3572K, committed 3712K, reserved 1048576K
GC Heap History (10 events):
Event: 1.468 GC heap before
{Heap before GC invocations=0 (full 0):
 garbage-first heap   total 131072K, used 13312K [0x0000000780000000, 0x0000000800000000)
  region size 1024K, 13 young (13312K), 0 survivors (0K)
 Metaspace       used 8916K, committed 9088K, reserved 1064960K
  class space    used 865K, committed 960K, reserved 1048576K
}
Event: 1.477 GC heap after
{Heap after GC invocations=1 (full 0):
 garbage-first heap   total 131072K, used 1553K [0x0000000780000000, 0x0000000800000000)
  region size 1024K, 2 young (2048K), 2 survivors (2048K)
 Metaspace       used 8916K, committed 9088K, reserved 1064960K
  class space    used 865K, committed 960K, reserved 1048576K
}
Event: 2.704 GC heap before
{Heap before GC invocations=1 (full 0):
 garbage-first heap   total 131072K, used 19985K [0x0000000780000000, 0x0000000800000000)
  region size 1024K, 20 young (20480K), 2 survivors (2048K)
 Metaspace       used 16105K, committed 16256K, reserved 1064960K
  class space    used 1752K, committed 1856K, reserved 1048576K
}
Event: 2.721 GC heap after
{Heap after GC invocations=2 (full 0):
 garbage-first heap   total 131072K, used 5260K [0x0000000780000000, 0x0000000800000000)
  region size 1024K, 3 young (3072K), 3 survivors (3072K)
 Metaspace       used 16105K, committed 16256K, reserved 1064960K
  class space    used 1752K, committed 1856K, reserved 1048576K
}
Event: 5.140 GC heap before
{Heap before GC invocations=2 (full 0):
 garbage-first heap   total 131072K, used 40076K [0x0000000780000000, 0x0000000800000000)
  region size 1024K, 20 young (20480K), 3 survivors (3072K)
 Metaspace       used 21247K, committed 21504K, reserved 1073152K
  class space    used 2551K, committed 2688K, reserved 1048576K
}
Event: 5.151 GC heap after
{Heap after GC invocations=3 (full 0):
 garbage-first heap   total 131072K, used 25108K [0x0000000780000000, 0x0000000800000000)
  region size 1024K, 4 young (4096K), 4 survivors (4096K)
 Metaspace       used 21247K, committed 21504K, reserved 1073152K
  class space    used 2551K, committed 2688K, reserved 1048576K
}
Event: 6.109 GC heap before
{Heap before GC invocations=4 (full 0):
 garbage-first heap   total 92160K, used 78356K [0x0000000780000000, 0x0000000800000000)
  region size 1024K, 34 young (34816K), 4 survivors (4096K)
 Metaspace       used 25576K, committed 25792K, reserved 1073152K
  class space    used 3056K, committed 3136K, reserved 1048576K
}
Event: 6.124 GC heap after
{Heap after GC invocations=5 (full 0):
 garbage-first heap   total 92160K, used 52598K [0x0000000780000000, 0x0000000800000000)
  region size 1024K, 6 young (6144K), 6 survivors (6144K)
 Metaspace       used 25576K, committed 25792K, reserved 1073152K
  class space    used 3056K, committed 3136K, reserved 1048576K
}
Event: 6.140 GC heap before
{Heap before GC invocations=5 (full 0):
 garbage-first heap   total 92160K, used 57718K [0x0000000780000000, 0x0000000800000000)
  region size 1024K, 7 young (7168K), 6 survivors (6144K)
 Metaspace       used 25576K, committed 25792K, reserved 1073152K
  class space    used 3056K, committed 3136K, reserved 1048576K
}
Event: 6.150 GC heap after
{Heap after GC invocations=6 (full 0):
 garbage-first heap   total 92160K, used 56893K [0x0000000780000000, 0x0000000800000000)
  region size 1024K, 1 young (1024K), 1 survivors (1024K)
 Metaspace       used 25576K, committed 25792K, reserved 1073152K
  class space    used 3056K, committed 3136K, reserved 1048576K
}

