# JRE version: OpenJDK Runtime Environment Temurin-17.0.1+12 (17.0.1+12) (build 17.0.1+12)
# Java VM: OpenJDK 64-Bit Server VM Temurin-17.0.1+12 (17.0.1+12, mixed mode, tiered, compressed oops, compressed class ptrs, g1 gc, bsd-amd64)
Heap:
 garbage-first heap   total 92160K, used 64682K [0x0000000780000000, 0x0000000800000000)
  region size 1024K, 9 young (9216K), 1 survivors (1024K)
 Metaspace       used 29563K, committed 29824K, reserved 1081344K
  class space    used 3577K, committed 3712K, reserved 1048576K
GC Heap History (10 events):
Event: 1.544 GC heap before
{Heap before GC invocations=0 (full 0):
 garbage-first heap   total 131072K, used 13312K [0x0000000780000000, 0x0000000800000000)
  region size 1024K, 13 young (13312K), 0 survivors (0K)
 Metaspace       used 8912K, committed 9088K, reserved 1064960K
  class space    used 865K, committed 960K, reserved 1048576K
}
Event: 1.558 GC heap after
{Heap after GC invocations=1 (full 0):
 garbage-first heap   total 131072K, used 1568K [0x0000000780000000, 0x0000000800000000)
  region size 1024K, 2 young (2048K), 2 survivors (2048K)
 Metaspace       used 8912K, committed 9088K, reserved 1064960K
  class space    used 865K, committed 960K, reserved 1048576K
}
Event: 2.862 GC heap before
{Heap before GC invocations=1 (full 0):
 garbage-first heap   total 131072K, used 20000K [0x0000000780000000, 0x0000000800000000)
  region size 1024K, 20 young (20480K), 2 survivors (2048K)
 Metaspace       used 16136K, committed 16320K, reserved 1064960K
  class space    used 1755K, committed 1856K, reserved 1048576K
}
Event: 2.898 GC heap after
{Heap after GC invocations=2 (full 0):
 garbage-first heap   total 131072K, used 5143K [0x0000000780000000, 0x0000000800000000)
  region size 1024K, 3 young (3072K), 3 survivors (3072K)
 Metaspace       used 16136K, committed 16320K, reserved 1064960K
  class space    used 1755K, committed 1856K, reserved 1048576K
}
Event: 6.317 GC heap before
{Heap before GC invocations=2 (full 0):
 garbage-first heap   total 131072K, used 39959K [0x0000000780000000, 0x0000000800000000)
  region size 1024K, 20 young (20480K), 3 survivors (3072K)
 Metaspace       used 21338K, committed 21504K, reserved 1073152K
  class space    used 2568K, committed 2624K, reserved 1048576K
}
Event: 6.335 GC heap after
{Heap after GC invocations=3 (full 0):
 garbage-first heap   total 131072K, used 25396K [0x0000000780000000, 0x0000000800000000)
  region size 1024K, 4 young (4096K), 4 survivors (4096K)
 Metaspace       used 21338K, committed 21504K, reserved 1073152K
  class space    used 2568K, committed 2624K, reserved 1048576K
}
Event: 7.531 GC heap before
{Heap before GC invocations=4 (full 0):
 garbage-first heap   total 92160K, used 77620K [0x0000000780000000, 0x0000000800000000)
  region size 1024K, 33 young (33792K), 4 survivors (4096K)
 Metaspace       used 25461K, committed 25728K, reserved 1073152K
  class space    used 3049K, committed 3200K, reserved 1048576K
}
Event: 7.547 GC heap after
{Heap after GC invocations=5 (full 0):
 garbage-first heap   total 92160K, used 53257K [0x0000000780000000, 0x0000000800000000)
  region size 1024K, 7 young (7168K), 7 survivors (7168K)
 Metaspace       used 25461K, committed 25728K, reserved 1073152K
  class space    used 3049K, committed 3200K, reserved 1048576K
}
Event: 7.564 GC heap before
{Heap before GC invocations=5 (full 0):
 garbage-first heap   total 92160K, used 57353K [0x0000000780000000, 0x0000000800000000)
  region size 1024K, 8 young (8192K), 7 survivors (7168K)
 Metaspace       used 25461K, committed 25728K, reserved 1073152K
  class space    used 3049K, committed 3200K, reserved 1048576K
}
Event: 7.573 GC heap after
{Heap after GC invocations=6 (full 0):
 garbage-first heap   total 92160K, used 57010K [0x0000000780000000, 0x0000000800000000)
  region size 1024K, 1 young (1024K), 1 survivors (1024K)
 Metaspace       used 25461K, committed 25728K, reserved 1073152K
  class space    used 3049K, committed 3200K, reserved 1048576K
}

